<?xml version="1.0" encoding="UTF-8"?>
<testsuite name="com.daemonblockint.sync.engine.threatdb.ThreatStoreTest" tests="5" skipped="0" failures="0" errors="0" timestamp="2026-07-01T09:35:19" hostname="mbp-a7f3" time="0.001">
  <properties/>
  <testcase name="add and lookup works" classname="com.daemonblockint.sync.engine.threatdb.ThreatStoreTest" time="0.001"/>
  <testcase name="expired records are not returned" classname="com.daemonblockint.sync.engine.threatdb.ThreatStoreTest" time="0.0"/>
  <testcase name="scan matches target indicators" classname="com.daemonblockint.sync.engine.threatdb.ThreatStoreTest" time="0.0"/>
  <testcase name="purgeExpired removes old records" classname="com.daemonblockint.sync.engine.threatdb.ThreatStoreTest" time="0.0"/>
  <testcase name="version tracking works" classname="com.daemonblockint.sync.engine.threatdb.ThreatStoreTest" time="0.0"/>
  <system-out><![CDATA[]]></system-out>
  <system-err><![CDATA[]]></system-err>
</testsuite>
