<?xml version="1.0" encoding="UTF-8"?>
<testsuite name="com.daemonblockint.sync.engine.analyzer.RiskScorerTest" tests="4" skipped="0" failures="0" errors="0" timestamp="2026-07-01T09:35:19" hostname="mbp-a7f3" time="0.001">
  <properties/>
  <testcase name="critical yara finding escalates" classname="com.daemonblockint.sync.engine.analyzer.RiskScorerTest" time="0.001"/>
  <testcase name="high behavioral finding scores high" classname="com.daemonblockint.sync.engine.analyzer.RiskScorerTest" time="0.0"/>
  <testcase name="multiple findings accumulate" classname="com.daemonblockint.sync.engine.analyzer.RiskScorerTest" time="0.0"/>
  <testcase name="no findings produces low score" classname="com.daemonblockint.sync.engine.analyzer.RiskScorerTest" time="0.0"/>
  <system-out><![CDATA[]]></system-out>
  <system-err><![CDATA[]]></system-err>
</testsuite>
