<?xml version="1.0" encoding="UTF-8"?>
<testsuite name="com.daemonblockint.sync.engine.interception.WireTest" tests="4" skipped="0" failures="0" errors="0" timestamp="2026-07-01T09:35:19" hostname="mbp-a7f3" time="0.001">
  <properties/>
  <testcase name="compactU16 decodes single byte" classname="com.daemonblockint.sync.engine.interception.WireTest" time="0.0"/>
  <testcase name="readU64LE reads correctly" classname="com.daemonblockint.sync.engine.interception.WireTest" time="0.001"/>
  <testcase name="compactU16 decodes multi-byte" classname="com.daemonblockint.sync.engine.interception.WireTest" time="0.0"/>
  <testcase name="base58 encodes correctly" classname="com.daemonblockint.sync.engine.interception.WireTest" time="0.0"/>
  <system-out><![CDATA[]]></system-out>
  <system-err><![CDATA[]]></system-err>
</testsuite>
