<?xml version="1.0" encoding="UTF-8"?>
<testsuite name="com.daemonblockint.sync.engine.integrated.IntegratedScannerTest" tests="4" skipped="0" failures="0" errors="0" timestamp="2026-07-01T09:35:19" hostname="mbp-a7f3" time="0.016">
  <properties/>
  <testcase name="clean target produces low score" classname="com.daemonblockint.sync.engine.integrated.IntegratedScannerTest" time="0.011"/>
  <testcase name="suspicious text triggers findings" classname="com.daemonblockint.sync.engine.integrated.IntegratedScannerTest" time="0.004"/>
  <testcase name="phishing domain triggers signature match" classname="com.daemonblockint.sync.engine.integrated.IntegratedScannerTest" time="0.001"/>
  <testcase name="report is generated with verdict" classname="com.daemonblockint.sync.engine.integrated.IntegratedScannerTest" time="0.0"/>
  <system-out><![CDATA[]]></system-out>
  <system-err><![CDATA[]]></system-err>
</testsuite>
