<?xml version="1.0" encoding="UTF-8"?>
<testsuite name="com.daemonblockint.sync.engine.signatures.SignatureMatcherTest" tests="6" skipped="0" failures="0" errors="0" timestamp="2026-07-01T09:35:19" hostname="mbp-a7f3" time="0.001">
  <properties/>
  <testcase name="upsert adds new signatures" classname="com.daemonblockint.sync.engine.signatures.SignatureMatcherTest" time="0.0"/>
  <testcase name="indicator match produces finding" classname="com.daemonblockint.sync.engine.signatures.SignatureMatcherTest" time="0.0"/>
  <testcase name="domain match produces phishing finding" classname="com.daemonblockint.sync.engine.signatures.SignatureMatcherTest" time="0.001"/>
  <testcase name="clean target produces no findings" classname="com.daemonblockint.sync.engine.signatures.SignatureMatcherTest" time="0.0"/>
  <testcase name="default signatures are loaded" classname="com.daemonblockint.sync.engine.signatures.SignatureMatcherTest" time="0.0"/>
  <testcase name="pattern match in text produces finding" classname="com.daemonblockint.sync.engine.signatures.SignatureMatcherTest" time="0.0"/>
  <system-out><![CDATA[]]></system-out>
  <system-err><![CDATA[]]></system-err>
</testsuite>
